I 1 3708.062168500
L 0 2 1 0.024258600 8 4
L 0 3 1 0.024264600 11 4
L 0 4 1 0.024265300 82 4
L 0 5 1 0.024265800 8 4
L 0 6 1 0.024266300 82 4
L 0 7 1 0.024266700 8 4
L 0 8 1 0.024267200 96 4
L 0 9 1 0.024267600 8 4
L 0 10 1 0.024268000 13 4
L 0 11 1 0.024268500 8 4
L 0 12 1 0.024268900 82 4
L 0 13 1 0.024269300 8 4
L 0 14 1 0.024269700 22 4
L 0 15 1 0.024270200 8 4
L 0 16 1 0.024270600 79 4
L 0 17 1 0.024271000 8 4
L 0 18 1 0.024271400 68 4
L 0 19 1 0.024271800 8 4
L 0 20 1 0.024278300 11 4
L 0 21 1 0.024279000 8 4
L 0 22 1 0.024586000 11 4
L 0 23 1 0.024587300 8 4
L 0 24 1 0.024595600 8 4
L 0 25 1 0.024596200 82 4
L 0 26 1 0.024596700 11 4
L 0 27 1 0.024597200 82 4
L 0 28 1 0.024626000 82 4
L 0 29 1 0.024627100 96 4
L 0 30 1 0.024628400 8 4
L 0 31 1 0.024629100 82 4
L 0 32 1 0.024630000 11 4
L 0 33 1 0.024630800 82 4
L 0 34 1 0.024631600 82 4
L 0 35 1 0.024632400 82 4
L 0 36 1 0.024633400 82 4
L 0 37 1 0.024634200 82 4
L 0 38 1 0.024639300 13 4
L 0 39 1 0.024640100 82 4
L 0 40 1 0.024641100 13 4
L 0 41 1 0.024641700 22 4
L 0 42 1 0.025098400 82 4
L 0 43 1 0.025099900 22 4
L 0 44 1 0.025101100 82 4
L 0 45 1 0.025101900 22 4
L 0 46 1 0.025107700 79 4
L 0 47 1 0.025108700 68 4
L 0 48 1 0.025109500 79 4
L 0 49 1 0.025110300 68 4
L 0 50 1 0.025111400 13 4
L 0 51 1 0.025112100 68 4
L 0 52 1 0.025112600 82 4
L 0 53 1 0.025113000 68 4
L 0 54 1 0.025113400 82 4
L 0 55 1 0.025113800 68 4
L 0 56 1 0.025114300 82 4
L 0 57 1 0.025114700 79 4
L 0 58 1 0.025115200 82 4
L 0 59 1 0.025115600 79 4
L 0 60 1 0.025118400 8 4
L 0 61 1 0.025118900 13 4
L 0 62 1 0.025455100 11 4
L 0 63 1 0.025458000 13 4
L 0 64 1 0.025460700 96 4
L 0 65 1 0.025465600 13 4
L 0 66 1 0.025467600 96 4
L 0 67 1 0.025468400 13 4
L 0 68 1 0.025469400 96 4
L 0 69 1 0.025470200 68 4
L 0 70 1 0.025471000 96 4
L 0 71 1 0.025471800 68 4
L 0 72 1 0.025472700 96 4
L 0 73 1 0.025473700 79 4
L 0 74 1 0.025474500 96 4
L 0 75 1 0.025475300 79 4
L 0 76 1 0.025476200 96 4
L 0 77 1 0.025477000 82 4
L 0 78 1 0.025477800 96 4
L 0 79 1 0.025478700 82 4
L 0 80 1 0.025479600 96 4
L 0 81 1 0.025783500 22 4
L 0 82 1 0.025786400 96 4
L 0 83 1 0.025789300 22 4
L 0 84 1 0.025854200 11 4
L 0 85 1 0.025859700 13 4
L 0 86 1 0.025862500 68 4
L 0 87 1 0.025865700 11 4
L 0 88 1 0.025866600 13 4
L 0 89 1 0.025867300 8 4
L 0 90 1 0.025868000 68 4
L 0 91 1 0.025868800 13 4
L 0 92 1 0.025869500 68 4
L 0 93 1 0.025870300 13 4
L 0 94 1 0.025871200 79 4
L 0 95 1 0.025871800 68 4
L 0 96 1 0.025872500 79 4
L 0 97 1 0.025873100 68 4
L 0 98 1 0.025874000 82 4
L 0 99 1 0.025874800 79 4
L 0 100 1 0.025875700 82 4
L 0 101 1 0.026205600 79 4
L 0 102 1 0.026207500 96 4
L 0 103 1 0.026209400 82 4
L 0 104 1 0.026210400 79 4
L 0 105 1 0.026211300 68 4
L 0 106 1 0.026212300 96 4
L 0 107 1 0.026215500 79 4
L 0 108 1 0.026216700 96 4
L 0 109 1 0.026217600 79 4
L 0 110 1 0.026218600 82 4
L 0 111 1 0.026219400 96 4
L 0 112 1 0.026220300 82 4
L 0 113 1 0.026221200 96 4
L 0 114 1 0.026222100 22 4
L 0 115 1 0.026223000 82 4
L 0 116 1 0.026224000 22 4
L 0 117 1 0.026224900 82 4
L 0 118 1 0.026225800 82 4
L 0 119 1 0.026227800 22 4
L 0 120 1 0.026687400 82 4
L 0 121 1 0.026689600 96 4
L 0 122 1 0.026690500 82 4
L 0 123 1 0.026691100 82 4
L 0 124 1 0.026692000 96 4
L 0 125 1 0.026692700 79 4
L 0 126 1 0.026693400 82 4
L 0 127 1 0.026694400 96 4
L 0 128 1 0.026730100 8 4
L 0 129 1 0.026788000 13 4
L 0 130 1 0.026807600 68 4
L 0 131 1 0.026818000 79 4
L 0 132 1 0.026821300 96 4
L 0 133 1 0.026828400 82 4
L 0 134 1 0.026855600 0 4
L 0 135 1 0.026861100 0 4
L 0 136 1 0.026862000 68 4
L 0 137 1 0.026862800 0 4
L 0 138 1 0.026863600 79 4
L 0 139 1 0.027178300 0 4
L 0 140 1 0.027180000 96 4
L 0 141 1 0.027180800 0 4
L 0 142 1 0.027181500 82 4
L 0 143 1 0.027182200 0 4
L 0 144 1 0.027182800 22 4
L 0 145 1 0.027183300 0 4
L 0 146 1 0.027183900 0 4
L 0 147 1 0.027184500 0 4
L 0 148 1 0.027185300 0 4
L 0 149 1 0.027186000 0 4
L 0 150 1 0.027186700 0 4
L 0 151 1 0.027187300 0 4
L 0 152 1 0.027199400 8 4
L 0 153 1 0.027200400 13 4
L 0 154 1 0.027201800 8 4
L 0 155 1 0.027202600 11 4
L 0 156 1 0.027203300 13 4
L 0 157 1 0.027203900 11 4
L 0 158 1 0.027204600 13 4
L 0 159 1 0.027537600 11 4
L 0 160 1 0.027542800 68 4
L 0 161 1 0.027543700 79 4
L 0 162 1 0.027544500 8 4
L 0 163 1 0.027544900 68 4
L 0 164 1 0.027545300 13 4
L 0 165 1 0.027545700 68 4
L 0 166 1 0.027546200 11 4
L 0 167 1 0.027546600 68 4
L 0 168 1 0.027548700 82 4
L 0 169 1 0.027549200 96 4
L 0 170 1 0.027549800 82 4
L 0 171 1 0.027550300 82 4
L 0 172 1 0.027550700 82 4
L 0 173 1 0.027551100 82 4
L 0 174 1 0.027552600 22 4
L 0 175 1 0.027553500 82 4
L 0 176 1 0.027554600 82 4
L 0 177 1 0.027555200 22 4
L 0 178 1 0.028044700 82 4
L 0 179 1 0.028045900 22 4
L 0 180 1 0.028046600 82 4
L 0 181 1 0.028047300 82 4
L 0 182 1 0.028048400 82 4
L 0 183 1 0.028049100 82 4
L 0 184 1 0.028063400 8 4
L 0 185 1 0.028064600 22 4
L 0 186 1 0.028065100 13 4
L 0 187 1 0.028065500 22 4
L 0 188 1 0.028065900 11 4
L 0 189 1 0.028066300 22 4
L 0 190 1 0.028066800 68 4
L 0 191 1 0.028067200 22 4
L 0 192 1 0.028067600 68 4
L 0 193 1 0.028068000 22 4
L 0 194 1 0.028068400 68 4
L 0 195 1 0.028068900 82 4
L 0 196 1 0.028069300 79 4
L 0 197 1 0.030970600 82 4
L 0 198 1 0.030989200 11 4
L 0 199 1 0.030990100 13 4
L 0 200 1 0.030991000 68 4
L 0 201 1 0.030991800 11 4
L 0 202 1 0.030992600 13 4
L 0 203 1 0.030993300 8 4
L 0 204 1 0.030994200 68 4
L 0 205 1 0.030994800 13 4
L 0 206 1 0.030995500 68 4
L 0 207 1 0.030996200 13 4
L 0 208 1 0.030996900 79 4
L 0 209 1 0.030998800 68 4
L 0 210 1 0.030999500 79 4
L 0 211 1 0.031000200 68 4
L 0 212 1 0.031000900 82 4
L 0 213 1 0.031001800 79 4
L 0 214 1 0.031002600 82 4
L 0 215 1 0.031006000 79 4
L 0 216 1 0.033717600 96 4
L 0 217 1 0.033719400 82 4
L 0 218 1 0.033720600 79 4
L 0 219 1 0.033721500 68 4
L 0 220 1 0.033722400 96 4
L 0 221 1 0.033723100 79 4
L 0 222 1 0.033724100 96 4
L 0 223 1 0.033724900 79 4
L 0 224 1 0.033728600 82 4
L 0 225 1 0.033729400 96 4
L 0 226 1 0.033730300 82 4
L 0 227 1 0.033731100 96 4
L 0 228 1 0.033731900 22 4
L 0 229 1 0.033732700 82 4
L 0 230 1 0.033733500 22 4
L 0 231 1 0.033734300 82 4
L 0 232 1 0.033735100 82 4
L 0 233 1 0.033735900 22 4
L 0 234 1 0.033736700 82 4
L 0 235 1 0.034040800 96 4
L 0 236 1 0.034042200 82 4
L 0 237 1 0.034042900 82 4
L 0 238 1 0.034043800 96 4
L 0 239 1 0.034044600 79 4
L 0 240 1 0.034045500 82 4
L 0 241 1 0.034046200 96 4
L 0 242 1 0.034116100 68 4
L 0 243 1 0.034118100 11 4
L 0 244 1 0.034119400 79 4
L 0 245 1 0.034124200 68 4
L 0 246 1 0.034127000 79 4
L 0 247 1 0.034130000 68 4
L 0 248 1 0.034130800 8 4
L 0 249 1 0.034131600 79 4
L 0 250 1 0.034132300 8 4
L 0 251 1 0.034133000 79 4
L 0 252 1 0.034133700 82 4
L 0 253 1 0.034134600 8 4
L 0 254 1 0.034457300 79 4
L 0 255 1 0.034458300 68 4
L 0 256 1 0.034459200 82 4
L 0 257 1 0.034460000 79 4
L 0 258 1 0.034460900 82 4
L 0 259 1 0.034461600 79 4
L 0 260 1 0.034462400 96 4
L 0 261 1 0.034463200 82 4
L 0 262 1 0.034464000 79 4
L 0 263 1 0.034464700 68 4
L 0 264 1 0.034465700 96 4
L 0 265 1 0.034469100 79 4
L 0 266 1 0.034470200 96 4
L 0 267 1 0.034471000 79 4
L 0 268 1 0.034472100 22 4
L 0 269 1 0.034472800 96 4
L 0 270 1 0.034473600 22 4
L 0 271 1 0.034474400 96 4
L 0 272 1 0.034475300 82 4
L 0 273 1 0.034739200 22 4
L 0 274 1 0.034740600 96 4
L 0 275 1 0.034741300 79 4
L 0 276 1 0.034742100 82 4
L 0 277 1 0.034742700 96 4
L 0 278 1 0.034743400 82 4
L 0 279 1 0.034744100 96 4
L 0 280 1 0.034744800 82 4
L 0 281 1 0.034745400 82 4
L 0 282 1 0.034746100 96 4
L 0 283 1 0.034746700 79 4
L 0 284 1 0.034747400 82 4
L 0 285 1 0.034748100 96 4
L 0 286 1 0.034798500 8 4
L 0 287 1 0.034800400 0 4
L 0 288 1 0.034803800 13 4
L 0 289 1 0.034805300 0 4
L 0 290 1 0.034807300 11 4
L 0 291 1 0.034808200 0 4
L 0 292 1 0.035108400 68 4
L 0 293 1 0.035109400 0 4
L 0 294 1 0.035111200 79 4
L 0 295 1 0.035112000 0 4
L 0 296 1 0.035114800 82 4
L 0 297 1 0.035115700 0 4
L 0 298 1 0.035117100 96 4
L 0 299 1 0.035117800 0 4
L 0 300 1 0.035119100 82 4
L 0 301 1 0.035119700 0 4
L 0 302 1 0.035121100 22 4
L 0 303 1 0.035121700 0 4
L 0 304 1 0.035123000 82 4
L 0 305 1 0.035124000 0 4
L 0 306 1 0.035125400 8 4
L 0 307 1 0.035126100 0 4
L 0 308 1 0.035127000 13 4
L 0 309 1 0.035127600 0 4
L 0 310 1 0.035128400 8 4
L 0 311 1 0.035654800 0 4
L 0 312 1 0.035658600 11 4
L 0 313 1 0.035659300 0 4
L 0 314 1 0.035660600 8 4
L 0 315 1 0.035661600 0 4
L 0 316 1 0.035662400 68 4
L 0 317 1 0.035663200 0 4
L 0 318 1 0.035664100 8 4
L 0 319 1 0.035664900 0 4
L 0 320 1 0.035665900 79 4
L 0 321 1 0.035666800 0 4
L 0 322 1 0.035670700 8 4
L 0 323 1 0.035671700 0 4
L 0 324 1 0.035672600 82 4
L 0 325 1 0.035673400 0 4
L 0 326 1 0.035674400 82 4
L 0 327 1 0.035675300 0 4
L 0 328 1 0.035676400 96 4
L 0 329 1 0.035677300 0 4
L 0 330 1 0.035678500 96 4
L 0 331 1 0.036265800 0 4
L 0 332 1 0.036269200 82 4
L 0 333 1 0.036270100 0 4
L 0 334 1 0.036271300 82 4
L 0 335 1 0.036272000 0 4
L 0 336 1 0.036272800 22 4
L 0 337 1 0.036273700 0 4
L 0 338 1 0.036274600 82 4
L 0 339 1 0.036275400 0 4
L 0 340 1 0.036276300 82 4
L 0 341 1 0.036277200 0 4
L 0 342 1 0.036278500 13 4
L 0 343 1 0.036279300 0 4
L 0 344 1 0.036281400 11 4
L 0 345 1 0.036282500 0 4
L 0 346 1 0.036283700 11 4
L 0 347 1 0.036284600 0 4
L 0 348 1 0.036289500 68 4
L 0 349 1 0.036292300 0 4
L 0 350 1 0.036921700 68 4
L 0 351 1 0.036922800 0 4
L 0 352 1 0.036923800 79 4
L 0 353 1 0.036924600 0 4
L 0 354 1 0.036925700 79 4
L 0 355 1 0.036926700 0 4
L 0 356 1 0.036927700 8 4
L 0 357 1 0.036928700 0 4
L 0 358 1 0.036929700 8 4
L 0 359 1 0.036930600 0 4
L 0 360 1 0.036931600 82 4
L 0 361 1 0.036932500 0 4
L 0 362 1 0.036933700 82 4
L 0 363 1 0.036934600 0 4
L 0 364 1 0.036935900 96 4
L 0 365 1 0.036936800 0 4
L 0 366 1 0.036938000 96 4
L 0 367 1 0.036939000 0 4
L 0 368 1 0.036940100 22 4
L 0 369 1 0.037655400 0 4
L 0 370 1 0.037661400 22 4
L 0 371 1 0.037663500 0 4
L 0 372 1 0.037665200 82 4
L 0 373 1 0.037666100 0 4
L 0 374 1 0.037667500 13 4
L 0 375 1 0.037671100 0 4
L 0 376 1 0.037672600 11 4
L 0 377 1 0.037674500 0 4
L 0 378 1 0.037675500 11 4
L 0 379 1 0.037676200 0 4
L 0 380 1 0.037677100 68 4
L 0 381 1 0.037677800 0 4
L 0 382 1 0.037678700 68 4
L 0 383 1 0.037679600 0 4
L 0 384 1 0.037680700 79 4
L 0 385 1 0.037681700 0 4
L 0 386 1 0.037682800 79 4
L 0 387 1 0.037683700 0 4
L 0 388 1 0.037684500 8 4
L 0 389 1 0.038155300 0 4
L 0 390 1 0.038159900 8 4
L 0 391 1 0.038161800 0 4
L 0 392 1 0.038163000 82 4
L 0 393 1 0.038163800 0 4
L 0 394 1 0.038165000 82 4
L 0 395 1 0.038165800 0 4
L 0 396 1 0.038167100 96 4
L 0 397 1 0.038167900 0 4
L 0 398 1 0.038170300 96 4
L 0 399 1 0.038171100 0 4
L 0 400 1 0.038171900 22 4
L 0 401 1 0.038172600 0 4
L 0 402 1 0.038173500 13 4
L 0 403 1 0.038174200 0 4
L 0 404 1 0.038175300 11 4
L 0 405 1 0.038176000 0 4
L 0 406 1 0.038176900 11 4
L 0 407 1 0.038177600 0 4
L 0 408 1 0.038596300 68 4
L 0 409 1 0.038597600 0 4
L 0 410 1 0.038598800 68 4
L 0 411 1 0.038599500 0 4
L 0 412 1 0.038600300 79 4
L 0 413 1 0.038601000 0 4
L 0 414 1 0.038601900 79 4
L 0 415 1 0.038602600 0 4
L 0 416 1 0.038603500 8 4
L 0 417 1 0.038604200 0 4
L 0 418 1 0.038605200 8 4
L 0 419 1 0.038605900 0 4
L 0 420 1 0.038606600 82 4
L 0 421 1 0.038608500 0 4
L 0 422 1 0.038609500 82 4
L 0 423 1 0.038610500 0 4
L 0 424 1 0.038611400 96 4
L 0 425 1 0.038615700 0 4
L 0 426 1 0.038618900 13 4
L 0 427 1 0.039057200 0 4
L 0 428 1 0.039060300 11 4
L 0 429 1 0.039061300 0 4
L 0 430 1 0.039062200 11 4
L 0 431 1 0.039063000 0 4
L 0 432 1 0.039064000 68 4
L 0 433 1 0.039065000 0 4
L 0 434 1 0.039066000 68 4
L 0 435 1 0.039066800 0 4
L 0 436 1 0.039067800 79 4
L 0 437 1 0.039068600 0 4
L 0 438 1 0.039069400 79 4
L 0 439 1 0.039070400 0 4
L 0 440 1 0.039071200 8 4
L 0 441 1 0.039072100 0 4
L 0 442 1 0.039073100 8 4
L 0 443 1 0.039073800 0 4
L 0 444 1 0.039074700 82 4
L 0 445 1 0.039075400 0 4
L 0 446 1 0.039076200 13 4
L 0 447 1 0.039372000 0 4
L 0 448 1 0.039374600 11 4
L 0 449 1 0.039375400 0 4
L 0 450 1 0.039376300 11 4
L 0 451 1 0.039377000 0 4
L 0 452 1 0.039377900 68 4
L 0 453 1 0.039378900 0 4
L 0 454 1 0.039379800 68 4
L 0 455 1 0.039380600 0 4
L 0 456 1 0.039381700 79 4
L 0 457 1 0.039382600 0 4
L 0 458 1 0.039383500 79 4
L 0 459 1 0.039384200 0 4
L 0 460 1 0.039385100 8 4
L 0 461 1 0.039385900 0 4
L 0 462 1 0.039386900 13 4
L 0 463 1 0.039387800 0 4
L 0 464 1 0.039388700 11 4
L 0 465 1 0.039389500 0 4
L 0 466 1 0.039815300 11 4
L 0 467 1 0.039817300 0 4
L 0 468 1 0.039818400 68 4
L 0 469 1 0.039819200 0 4
L 0 470 1 0.039820300 68 4
L 0 471 1 0.039821100 0 4
L 0 472 1 0.039821700 79 4
L 0 473 1 0.039822100 0 4
L 0 474 1 0.039822700 13 4
L 0 475 1 0.039823100 0 4
L 0 476 1 0.039823700 11 4
L 0 477 1 0.039824100 0 4
L 0 478 1 0.039824600 11 4
L 0 479 1 0.039825000 0 4
L 0 480 1 0.039825600 68 4
L 0 481 1 0.039826000 0 4
L 0 482 1 0.039826500 13 4
L 0 483 1 0.039826900 0 4
L 0 484 1 0.039827400 11 4
L 0 485 1 0.040200200 0 4
L 0 486 1 0.040205800 68 4
L 0 487 1 0.040206600 11 4
L 0 488 1 0.040207500 79 4
L 0 489 1 0.040208200 68 4
L 0 490 1 0.040209000 79 4
L 0 491 1 0.040209700 68 4
L 0 492 1 0.040210600 8 4
L 0 493 1 0.040211400 79 4
L 0 494 1 0.040212400 8 4
L 0 495 1 0.040213100 79 4
L 0 496 1 0.040213900 82 4
L 0 497 1 0.040214600 8 4
L 0 498 1 0.040215800 79 4
L 0 499 1 0.040216400 68 4
L 0 500 1 0.040217200 82 4
L 0 501 1 0.040218000 79 4
L 0 502 1 0.040218800 82 4
L 0 503 1 0.040219500 79 4
L 0 504 1 0.040220300 96 4
L 0 505 1 0.040519500 82 4
L 0 506 1 0.040520600 79 4
L 0 507 1 0.040522500 68 4
L 0 508 1 0.040523400 96 4
L 0 509 1 0.040524300 79 4
L 0 510 1 0.040525300 96 4
L 0 511 1 0.040528700 79 4
L 0 512 1 0.040529800 22 4
L 0 513 1 0.040530600 96 4
L 0 514 1 0.040531600 22 4
L 0 515 1 0.040532500 96 4
L 0 516 1 0.040533500 82 4
L 0 517 1 0.040534400 22 4
L 0 518 1 0.040535300 96 4
L 0 519 1 0.040536200 79 4
L 0 520 1 0.040537200 82 4
L 0 521 1 0.040538100 96 4
L 0 522 1 0.040538900 82 4
L 0 523 1 0.040965200 96 4
L 0 524 1 0.040967200 82 4
L 0 525 1 0.040967700 82 4
L 0 526 1 0.040968400 96 4
L 0 527 1 0.040968900 79 4
L 0 528 1 0.040969300 82 4
L 0 529 1 0.040969800 96 4
L 0 530 1 0.041012200 8 4
L 0 531 1 0.041018900 8 4
L 0 532 1 0.041019500 13 4
L 0 533 1 0.041019900 8 4
L 0 534 1 0.041020400 13 4
L 0 535 1 0.041020800 8 4
L 0 536 1 0.041021300 13 4
L 0 537 1 0.041021800 13 4
L 0 538 1 0.041022200 11 4
L 0 539 1 0.041022700 8 4
L 0 540 1 0.041023200 13 4
L 0 541 1 0.041023600 11 4
L 0 542 1 0.041024100 68 4
L 0 543 1 0.041360700 8 4
L 0 544 1 0.041362200 13 4
L 0 545 1 0.041363000 68 4
L 0 546 1 0.041366000 79 4
L 0 547 1 0.041367500 8 4
L 0 548 1 0.041368600 13 4
L 0 549 1 0.041369700 79 4
L 0 550 1 0.041370600 82 4
L 0 551 1 0.041371500 8 4
L 0 552 1 0.041373300 13 4
L 0 553 1 0.041378100 82 4
L 0 554 1 0.041382100 96 4
L 0 555 1 0.041383000 8 4
L 0 556 1 0.041383700 13 4
L 0 557 1 0.041384400 96 4
L 0 558 1 0.041385200 82 4
L 0 559 1 0.041385800 8 4
L 0 560 1 0.041386600 13 4
L 0 561 1 0.041387400 82 4
L 0 562 1 0.041770500 22 4
L 0 563 1 0.041771400 8 4
L 0 564 1 0.041772800 13 4
L 0 565 1 0.041773700 22 4
L 0 566 1 0.041774800 82 4
L 0 567 1 0.041775500 8 4
L 0 568 1 0.041776500 13 4
L 0 569 1 0.041777300 82 4
L 0 570 1 0.041778300 8 4
L 0 571 1 0.041779200 13 4
L 0 572 1 0.041780100 11 4
L 0 573 1 0.041780800 8 4
L 0 574 1 0.041781600 13 4
L 0 575 1 0.041782500 13 4
L 0 576 1 0.041783300 11 4
L 0 577 1 0.041784100 13 4
L 0 578 1 0.041785000 11 4
L 0 579 1 0.041785800 13 4
L 0 580 1 0.041786600 11 4
L 0 581 1 0.042099100 11 4
L 0 582 1 0.042100400 68 4
L 0 583 1 0.042101200 13 4
L 0 584 1 0.042102200 11 4
L 0 585 1 0.042103000 68 4
L 0 586 1 0.042103900 79 4
L 0 587 1 0.042104600 13 4
L 0 588 1 0.042105600 68 4
L 0 589 1 0.042106400 79 4
L 0 590 1 0.042107200 82 4
L 0 591 1 0.042107700 13 4
L 0 592 1 0.042108200 68 4
L 0 593 1 0.042108600 82 4
L 0 594 1 0.042109100 96 4
L 0 595 1 0.042109500 13 4
L 0 596 1 0.042110000 68 4
L 0 597 1 0.042110500 96 4
L 0 598 1 0.042110900 82 4
L 0 599 1 0.042111400 13 4
L 0 600 1 0.042407800 68 4
L 0 601 1 0.042408900 82 4
L 0 602 1 0.042409800 22 4
L 0 603 1 0.042410600 13 4
L 0 604 1 0.042411400 68 4
L 0 605 1 0.042412100 22 4
L 0 606 1 0.042413000 82 4
L 0 607 1 0.042413700 13 4
L 0 608 1 0.042414400 68 4
L 0 609 1 0.042415200 82 4
L 0 610 1 0.042416000 8 4
L 0 611 1 0.042416900 68 4
L 0 612 1 0.042417700 79 4
L 0 613 1 0.042418400 8 4
L 0 614 1 0.042419100 13 4
L 0 615 1 0.042419900 68 4
L 0 616 1 0.042420700 79 4
L 0 617 1 0.042421500 13 4
L 0 618 1 0.042422300 11 4
L 0 619 1 0.042763100 68 4
L 0 620 1 0.042764200 79 4
L 0 621 1 0.042765000 11 4
L 0 622 1 0.042765900 68 4
L 0 623 1 0.042766600 68 4
L 0 624 1 0.042767500 79 4
L 0 625 1 0.042768400 68 4
L 0 626 1 0.042769200 79 4
L 0 627 1 0.042769900 68 4
L 0 628 1 0.042770700 79 4
L 0 629 1 0.042771600 79 4
L 0 630 1 0.042772400 82 4
L 0 631 1 0.042773400 68 4
L 0 632 1 0.042774400 79 4
L 0 633 1 0.042775200 82 4
L 0 634 1 0.042776100 96 4
L 0 635 1 0.042778100 68 4
L 0 636 1 0.042779000 79 4
L 0 637 1 0.042779700 96 4
L 0 638 1 0.043260100 82 4
L 0 639 1 0.043261300 68 4
L 0 640 1 0.043262500 79 4
L 0 641 1 0.043266000 82 4
L 0 642 1 0.043267100 22 4
L 0 643 1 0.043267900 68 4
L 0 644 1 0.043268800 79 4
L 0 645 1 0.043269600 22 4
L 0 646 1 0.043270500 82 4
L 0 647 1 0.043274000 68 4
L 0 648 1 0.043274900 79 4
L 0 649 1 0.043275600 82 4
L 0 650 1 0.043276500 8 4
L 0 651 1 0.043277300 79 4
L 0 652 1 0.043278300 82 4
L 0 653 1 0.043279200 8 4
L 0 654 1 0.043280000 13 4
L 0 655 1 0.043280700 79 4
L 0 656 1 0.043281500 82 4
L 0 657 1 0.044096700 13 4
L 0 658 1 0.044098700 11 4
L 0 659 1 0.044102300 79 4
L 0 660 1 0.044103300 82 4
L 0 661 1 0.044104100 11 4
L 0 662 1 0.044105200 68 4
L 0 663 1 0.044106100 79 4
L 0 664 1 0.044107100 82 4
L 0 665 1 0.044108200 68 4
L 0 666 1 0.044109300 79 4
L 0 667 1 0.044110100 79 4
L 0 668 1 0.044111000 82 4
L 0 669 1 0.044111800 79 4
L 0 670 1 0.044112900 82 4
L 0 671 1 0.044113700 79 4
L 0 672 1 0.044114700 82 4
L 0 673 1 0.044115700 82 4
L 0 674 1 0.044116600 96 4
L 0 675 1 0.044117400 79 4
L 0 676 1 0.044607400 82 4
L 0 677 1 0.044609100 96 4
L 0 678 1 0.044610200 82 4
L 0 679 1 0.044611200 79 4
L 0 680 1 0.044612200 96 4
L 0 681 1 0.044613100 82 4
L 0 682 1 0.044614200 22 4
L 0 683 1 0.044615100 79 4
L 0 684 1 0.044616100 96 4
L 0 685 1 0.044616900 22 4
L 0 686 1 0.044618000 82 4
L 0 687 1 0.044618800 79 4
L 0 688 1 0.044619600 96 4
L 0 689 1 0.044620600 82 4
L 0 690 1 0.044625500 8 4
L 0 691 1 0.044628300 96 4
L 0 692 1 0.044631700 82 4
L 0 693 1 0.044632500 8 4
L 0 694 1 0.044633200 13 4
L 0 695 1 0.045633200 96 4
L 0 696 1 0.045634600 82 4
L 0 697 1 0.045635400 13 4
L 0 698 1 0.045636400 11 4
L 0 699 1 0.045637100 96 4
L 0 700 1 0.045637900 82 4
L 0 701 1 0.045638700 11 4
L 0 702 1 0.045639400 68 4
L 0 703 1 0.045640100 96 4
L 0 704 1 0.045640900 82 4
L 0 705 1 0.045641700 68 4
L 0 706 1 0.045642400 79 4
L 0 707 1 0.045643100 96 4
L 0 708 1 0.045643900 82 4
L 0 709 1 0.045644800 79 4
L 0 710 1 0.045645500 82 4
L 0 711 1 0.045646100 96 4
L 0 712 1 0.045646800 82 4
L 0 713 1 0.045647500 82 4
L 0 714 1 0.047225300 96 4
L 0 715 1 0.047227300 96 4
L 0 716 1 0.047228600 82 4
L 0 717 1 0.047229400 96 4
L 0 718 1 0.047230400 82 4
L 0 719 1 0.047231100 96 4
L 0 720 1 0.047232200 82 4
L 0 721 1 0.047232900 82 4
L 0 722 1 0.047233800 22 4
L 0 723 1 0.047234600 96 4
L 0 724 1 0.047235500 82 4
L 0 725 1 0.047236300 22 4
L 0 726 1 0.047237100 82 4
L 0 727 1 0.047257800 96 4
L 0 728 1 0.047259300 82 4
L 0 729 1 0.047260100 82 4
L 0 730 1 0.047261200 8 4
L 0 731 1 0.047265200 82 4
L 0 732 1 0.047268200 8 4
L 0 733 1 0.047707200 8 4
L 0 734 1 0.047710400 13 4
L 0 735 1 0.047713100 82 4
L 0 736 1 0.047718200 8 4
L 0 737 1 0.047720900 13 4
L 0 738 1 0.047723700 11 4
L 0 739 1 0.047726500 82 4
L 0 740 1 0.047729300 8 4
L 0 741 1 0.047731900 11 4
L 0 742 1 0.047734700 68 4
L 0 743 1 0.047737300 82 4
L 0 744 1 0.047740300 8 4
L 0 745 1 0.047743000 68 4
L 0 746 1 0.047745900 79 4
L 0 747 1 0.047748600 82 4
L 0 748 1 0.047751500 8 4
L 0 749 1 0.047754200 79 4
L 0 750 1 0.047757100 82 4
L 0 751 1 0.047759900 82 4
L 0 752 1 0.048320300 8 4
L 0 753 1 0.048322400 82 4
L 0 754 1 0.048323500 96 4
L 0 755 1 0.048324400 82 4
L 0 756 1 0.048325400 8 4
L 0 757 1 0.048326200 96 4
L 0 758 1 0.048327100 82 4
L 0 759 1 0.048327800 82 4
L 0 760 1 0.048328800 8 4
L 0 761 1 0.048329600 82 4
L 0 762 1 0.048330500 22 4
L 0 763 1 0.048331200 82 4
L 0 764 1 0.048332100 8 4
L 0 765 1 0.048332900 22 4
L 0 766 1 0.048333800 82 4
L 0 767 1 0.048334800 82 4
L 0 768 1 0.048335500 8 4
L 0 769 1 0.048336200 82 4
L 0 770 1 0.048436900 8 4
L 0 771 1 0.049118300 13 4
L 0 772 1 0.049120300 8 4
L 0 773 1 0.049121300 8 4
L 0 774 1 0.049122000 13 4
L 0 775 1 0.049174800 13 4
L 0 776 1 0.049176800 68 4
L 0 777 1 0.049177600 13 4
L 0 778 1 0.049178300 13 4
L 0 779 1 0.049179000 68 4
L 0 780 1 0.049221300 68 4
L 0 781 1 0.049223100 79 4
L 0 782 1 0.049224000 68 4
L 0 783 1 0.049224700 68 4
L 0 784 1 0.049225300 79 4
L 0 785 1 0.049234600 79 4
L 0 786 1 0.049235600 96 4
L 0 787 1 0.049236400 79 4
L 0 788 1 0.049237100 79 4
L 0 789 1 0.049237900 96 4
L 0 790 1 0.049715900 96 4
L 0 791 1 0.049717600 82 4
L 0 792 1 0.049718400 96 4
L 0 793 1 0.049719200 96 4
L 0 794 1 0.049720000 82 4
L 0 795 1 0.049724600 82 4
L 0 796 1 0.049725500 8 4
L 0 797 1 0.049726200 82 4
L 0 798 1 0.049727000 82 4
L 0 799 1 0.049727700 8 4
F 800 3708.111936400 0.049767900
